14:21:20  INFO  manager.AppManager - Tests starting on Chrome
14:21:21  INFO  tests.TestBase - Method registrationNegativeWrongEmailDTO is started
14:21:21  INFO  manager.TestNgListener - Test registrationNegativeWrongEmailDTO invoked
14:21:21  INFO  manager.WebDriverListener - Start searching element ----> By.xpath: //*[.='LOGIN']
14:21:21  INFO  manager.WebDriverListener - Element with locator ----> By.xpath: //*[.='LOGIN'] is found
14:21:21  INFO  manager.WebDriverListener - Start searching element ----> By.xpath: //input[1]
14:21:21  INFO  manager.WebDriverListener - Element with locator ----> By.xpath: //input[1] is found
14:21:22  INFO  manager.WebDriverListener - Start searching element ----> By.xpath: //input[2]
14:21:22  INFO  manager.WebDriverListener - Element with locator ----> By.xpath: //input[2] is found
14:21:22  INFO  manager.WebDriverListener - Start searching element ----> By.xpath: //button[2]
14:21:22  INFO  manager.WebDriverListener - Element with locator ----> By.xpath: //button[2] is found
14:21:23  INFO  manager.WebDriverListener - Start searching element ----> By.cssSelector: #root > div:nth-child(2) > div
14:21:23  INFO  manager.WebDriverListener - Element with locator ----> By.cssSelector: #root > div:nth-child(2) > div is found
14:21:23  INFO  manager.TestNgListener - Test registrationNegativeWrongEmailDTO successful
14:21:23  INFO  tests.TestBase - ==================================
14:21:23  INFO  tests.TestBase - Method registrationNegativeWrongEmailDTO is started
14:21:23  INFO  manager.TestNgListener - Test registrationNegativeWrongEmailDTO invoked
14:21:23  INFO  manager.WebDriverListener - Start searching element ----> By.xpath: //*[.='LOGIN']
14:21:23  INFO  manager.WebDriverListener - Element with locator ----> By.xpath: //*[.='LOGIN'] is found
14:21:23  INFO  manager.WebDriverListener - Start searching element ----> By.xpath: //input[1]
14:21:23  INFO  manager.WebDriverListener - Element with locator ----> By.xpath: //input[1] is found
14:21:23  INFO  manager.WebDriverListener - Start searching element ----> By.xpath: //input[2]
14:21:23  INFO  manager.WebDriverListener - Element with locator ----> By.xpath: //input[2] is found
14:21:23  INFO  manager.WebDriverListener - Start searching element ----> By.xpath: //button[2]
14:21:23  INFO  manager.WebDriverListener - Element with locator ----> By.xpath: //button[2] is found
14:21:33  INFO  manager.TestNgListener - Test registrationNegativeWrongEmailDTO failed: org.openqa.selenium.TimeoutException: Expected condition failed: waiting for alert to be present (tried for 10 second(s) with 500 milliseconds interval)
Build info: version: '3.141.59', revision: 'e82be7d358', time: '2018-11-14T08:17:03'
System info: host: 'ELENA', ip: '192.168.68.108', os.name: 'Windows 11', os.arch: 'amd64', os.version: '10.0', java.version: '18.0.1.1'
Driver info: org.openqa.selenium.support.events.EventFiringWebDriver
Capabilities {acceptInsecureCerts: false, browserName: chrome, browserVersion: 114.0.5735.199, chrome: {chromedriverVersion: 113.0.5672.63 (0e1a4471d5ae..., userDataDir: C:\Users\6145~1\AppData\Loc...}, goog:chromeOptions: {debuggerAddress: localhost:57927}, javascriptEnabled: true, networkConnectionEnabled: false, pageLoadStrategy: normal, platform: WINDOWS, platformName: WINDOWS, proxy: Proxy(), setWindowRect: true, strictFileInteractability: false, timeouts: {implicit: 0, pageLoad: 300000, script: 30000}, unhandledPromptBehavior: dismiss and notify, webauthn:extension:credBlob: true, webauthn:extension:largeBlob: true, webauthn:extension:minPinLength: true, webauthn:extension:prf: true, webauthn:virtualAuthenticators: true}
Session ID: 3909b1625196ecff88c52c56ccaa87f2
14:21:33  INFO  tests.TestBase - ==================================
14:21:33  INFO  tests.TestBase - Method registrationNegativeWrongEmailDTO is started
14:21:33  INFO  manager.TestNgListener - Test registrationNegativeWrongEmailDTO invoked
14:21:33  INFO  manager.WebDriverListener - Start searching element ----> By.xpath: //*[.='LOGIN']
14:21:38  INFO  manager.WebDriverListener - Something went wrong!
14:21:38  INFO  manager.WebDriverListener - no such element: Unable to locate element: {"method":"xpath","selector":"//*[.='LOGIN']"}
  (Session info: chrome=114.0.5735.199)
For documentation on this error, please visit: https://www.seleniumhq.org/exceptions/no_such_element.html
Build info: version: '3.141.59', revision: 'e82be7d358', time: '2018-11-14T08:17:03'
System info: host: 'ELENA', ip: '192.168.68.108', os.name: 'Windows 11', os.arch: 'amd64', os.version: '10.0', java.version: '18.0.1.1'
Driver info: org.openqa.selenium.chrome.ChromeDriver
Capabilities {acceptInsecureCerts: false, browserName: chrome, browserVersion: 114.0.5735.199, chrome: {chromedriverVersion: 113.0.5672.63 (0e1a4471d5ae..., userDataDir: C:\Users\6145~1\AppData\Loc...}, goog:chromeOptions: {debuggerAddress: localhost:57927}, javascriptEnabled: true, networkConnectionEnabled: false, pageLoadStrategy: normal, platform: WINDOWS, platformName: WINDOWS, proxy: Proxy(), setWindowRect: true, strictFileInteractability: false, timeouts: {implicit: 0, pageLoad: 300000, script: 30000}, unhandledPromptBehavior: dismiss and notify, webauthn:extension:credBlob: true, webauthn:extension:largeBlob: true, webauthn:extension:minPinLength: true, webauthn:extension:prf: true, webauthn:virtualAuthenticators: true}
Session ID: 3909b1625196ecff88c52c56ccaa87f2
*** Element info: {Using=xpath, value=//*[.='LOGIN']}
14:21:38  INFO  manager.WebDriverListener - org.openqa.selenium.NoSuchElementException: no such element: Unable to locate element: {"method":"xpath","selector":"//*[.='LOGIN']"}
  (Session info: chrome=114.0.5735.199)
For documentation on this error, please visit: https://www.seleniumhq.org/exceptions/no_such_element.html
Build info: version: '3.141.59', revision: 'e82be7d358', time: '2018-11-14T08:17:03'
System info: host: 'ELENA', ip: '192.168.68.108', os.name: 'Windows 11', os.arch: 'amd64', os.version: '10.0', java.version: '18.0.1.1'
Driver info: org.openqa.selenium.chrome.ChromeDriver
Capabilities {acceptInsecureCerts: false, browserName: chrome, browserVersion: 114.0.5735.199, chrome: {chromedriverVersion: 113.0.5672.63 (0e1a4471d5ae..., userDataDir: C:\Users\6145~1\AppData\Loc...}, goog:chromeOptions: {debuggerAddress: localhost:57927}, javascriptEnabled: true, networkConnectionEnabled: false, pageLoadStrategy: normal, platform: WINDOWS, platformName: WINDOWS, proxy: Proxy(), setWindowRect: true, strictFileInteractability: false, timeouts: {implicit: 0, pageLoad: 300000, script: 30000}, unhandledPromptBehavior: dismiss and notify, webauthn:extension:credBlob: true, webauthn:extension:largeBlob: true, webauthn:extension:minPinLength: true, webauthn:extension:prf: true, webauthn:virtualAuthenticators: true}
Session ID: 3909b1625196ecff88c52c56ccaa87f2
*** Element info: {Using=xpath, value=//*[.='LOGIN']}
14:21:39  INFO  manager.WebDriverListener - This is a link to screenshot with error ---> src/test/screenshots/screen-1298.png
14:21:39  INFO  manager.TestNgListener - Test registrationNegativeWrongEmailDTO failed: org.openqa.selenium.NoSuchElementException: no such element: Unable to locate element: {"method":"xpath","selector":"//*[.='LOGIN']"}
  (Session info: chrome=114.0.5735.199)
For documentation on this error, please visit: https://www.seleniumhq.org/exceptions/no_such_element.html
Build info: version: '3.141.59', revision: 'e82be7d358', time: '2018-11-14T08:17:03'
System info: host: 'ELENA', ip: '192.168.68.108', os.name: 'Windows 11', os.arch: 'amd64', os.version: '10.0', java.version: '18.0.1.1'
Driver info: org.openqa.selenium.chrome.ChromeDriver
Capabilities {acceptInsecureCerts: false, browserName: chrome, browserVersion: 114.0.5735.199, chrome: {chromedriverVersion: 113.0.5672.63 (0e1a4471d5ae..., userDataDir: C:\Users\6145~1\AppData\Loc...}, goog:chromeOptions: {debuggerAddress: localhost:57927}, javascriptEnabled: true, networkConnectionEnabled: false, pageLoadStrategy: normal, platform: WINDOWS, platformName: WINDOWS, proxy: Proxy(), setWindowRect: true, strictFileInteractability: false, timeouts: {implicit: 0, pageLoad: 300000, script: 30000}, unhandledPromptBehavior: dismiss and notify, webauthn:extension:credBlob: true, webauthn:extension:largeBlob: true, webauthn:extension:minPinLength: true, webauthn:extension:prf: true, webauthn:virtualAuthenticators: true}
Session ID: 3909b1625196ecff88c52c56ccaa87f2
*** Element info: {Using=xpath, value=//*[.='LOGIN']}
14:21:39  INFO  tests.TestBase - ==================================
