14:53:37  INFO  manager.AppManager - Tests starting on Chrome
14:53:38  INFO  tests.TestBase - Method registrationNegativeWrongEmail is started
14:53:38  INFO  manager.TestNgListener - Test registrationNegativeWrongEmail invoked
14:53:38  INFO  manager.WebDriverListener - Start searching element ----> By.xpath: //*[.='LOGIN']
14:53:38  INFO  manager.WebDriverListener - Element with locator ----> By.xpath: //*[.='LOGIN'] is found
14:53:38  INFO  manager.WebDriverListener - Start searching element ----> By.xpath: //input[1]
14:53:38  INFO  manager.WebDriverListener - Element with locator ----> By.xpath: //input[1] is found
14:53:38  INFO  manager.WebDriverListener - Start searching element ----> By.xpath: //input[2]
14:53:38  INFO  manager.WebDriverListener - Element with locator ----> By.xpath: //input[2] is found
14:53:38  INFO  manager.WebDriverListener - Start searching element ----> By.xpath: //button[2]
14:53:38  INFO  manager.WebDriverListener - Element with locator ----> By.xpath: //button[2] is found
14:53:39  INFO  manager.WebDriverListener - Start searching element ----> By.cssSelector: #root > div:nth-child(2) > div
14:53:39  INFO  manager.WebDriverListener - Element with locator ----> By.cssSelector: #root > div:nth-child(2) > div is found
14:53:39  INFO  manager.TestNgListener - Test registrationNegativeWrongEmail successful
14:53:39  INFO  tests.TestBase - ==================================
14:53:39  INFO  tests.TestBase - Method registrationNegativeWrongPassword is started
14:53:39  INFO  manager.TestNgListener - Test registrationNegativeWrongPassword invoked
14:53:39  INFO  manager.WebDriverListener - Start searching element ----> By.xpath: //*[.='LOGIN']
14:53:39  INFO  manager.WebDriverListener - Element with locator ----> By.xpath: //*[.='LOGIN'] is found
14:53:39  INFO  manager.WebDriverListener - Start searching element ----> By.xpath: //input[1]
14:53:39  INFO  manager.WebDriverListener - Element with locator ----> By.xpath: //input[1] is found
14:53:39  INFO  manager.WebDriverListener - Start searching element ----> By.xpath: //input[2]
14:53:39  INFO  manager.WebDriverListener - Element with locator ----> By.xpath: //input[2] is found
14:53:40  INFO  manager.WebDriverListener - Start searching element ----> By.xpath: //button[2]
14:53:40  INFO  manager.WebDriverListener - Element with locator ----> By.xpath: //button[2] is found
14:53:40  INFO  manager.TestNgListener - Test registrationNegativeWrongPassword successful
14:53:40  INFO  tests.TestBase - ==================================
14:53:40  INFO  tests.TestBase - Method registrationPositiveUser is started
14:53:40  INFO  manager.TestNgListener - Test registrationPositiveUser invoked
14:53:40  INFO  manager.WebDriverListener - Start searching element ----> By.xpath: //*[.='LOGIN']
14:53:40  INFO  manager.WebDriverListener - Element with locator ----> By.xpath: //*[.='LOGIN'] is found
14:53:40  INFO  tests.TestBase - openRegistrationForm invoked
14:53:40  INFO  manager.WebDriverListener - Start searching element ----> By.xpath: //input[1]
14:53:40  INFO  manager.WebDriverListener - Something went wrong!
14:53:40  INFO  manager.WebDriverListener - Cannot locate an element using xpath=//input[1]
For documentation on this error, please visit: https://www.seleniumhq.org/exceptions/no_such_element.html
Build info: version: '3.141.59', revision: 'e82be7d358', time: '2018-11-14T08:17:03'
System info: host: 'ELENA', ip: '192.168.68.108', os.name: 'Windows 11', os.arch: 'amd64', os.version: '10.0', java.version: '18.0.1.1'
Driver info: driver.version: EventFiringWebDriver
14:53:40  INFO  manager.WebDriverListener - org.openqa.selenium.NoSuchElementException: Cannot locate an element using xpath=//input[1]
For documentation on this error, please visit: https://www.seleniumhq.org/exceptions/no_such_element.html
Build info: version: '3.141.59', revision: 'e82be7d358', time: '2018-11-14T08:17:03'
System info: host: 'ELENA', ip: '192.168.68.108', os.name: 'Windows 11', os.arch: 'amd64', os.version: '10.0', java.version: '18.0.1.1'
Driver info: driver.version: EventFiringWebDriver
14:53:40  INFO  manager.TestNgListener - Test registrationPositiveUser failed: org.openqa.selenium.UnhandledAlertException: unexpected alert open: {Alert text : Wrong email or password format
            Email must contains one @ and minimum 2 symbols after last dot
            Password must contain at least one uppercase letter!
            Password must contain at least one lowercase letter!
            Password must contain at least one digit!
            Password must contain at least one special symbol from [‘$’,’~’,’-‘,’_’]!}
  (Session info: chrome=114.0.5735.199): Wrong email or password format
            Email must contains one @ and minimum 2 symbols after last dot
            Password must contain at least one uppercase letter!
            Password must contain at least one lowercase letter!
            Password must contain at least one digit!
            Password must contain at least one special symbol from [‘$’,’~’,’-‘,’_’]!
Build info: version: '3.141.59', revision: 'e82be7d358', time: '2018-11-14T08:17:03'
System info: host: 'ELENA', ip: '192.168.68.108', os.name: 'Windows 11', os.arch: 'amd64', os.version: '10.0', java.version: '18.0.1.1'
Driver info: org.openqa.selenium.chrome.ChromeDriver
Capabilities {acceptInsecureCerts: false, browserName: chrome, browserVersion: 114.0.5735.199, chrome: {chromedriverVersion: 113.0.5672.63 (0e1a4471d5ae..., userDataDir: C:\Users\6145~1\AppData\Loc...}, goog:chromeOptions: {debuggerAddress: localhost:62222}, javascriptEnabled: true, networkConnectionEnabled: false, pageLoadStrategy: normal, platform: WINDOWS, platformName: WINDOWS, proxy: Proxy(), setWindowRect: true, strictFileInteractability: false, timeouts: {implicit: 0, pageLoad: 300000, script: 30000}, unhandledPromptBehavior: dismiss and notify, webauthn:extension:credBlob: true, webauthn:extension:largeBlob: true, webauthn:extension:minPinLength: true, webauthn:extension:prf: true, webauthn:virtualAuthenticators: true}
Session ID: 597820b29cbe4fc312e20f486eab9a97
14:53:40  INFO  tests.TestBase - ==================================
