14:24:15  INFO  manager.AppManager - Tests starting on Chrome
14:24:17  INFO  tests.TestBase - Method registrationNegativeWrongEmailDTO is started
14:24:17  INFO  manager.TestNgListener - Test registrationNegativeWrongEmailDTO invoked
14:24:17  INFO  manager.WebDriverListener - Start searching element ----> By.xpath: //*[.='LOGIN']
14:24:17  INFO  manager.WebDriverListener - Element with locator ----> By.xpath: //*[.='LOGIN'] is found
14:24:17  INFO  manager.WebDriverListener - Start searching element ----> By.xpath: //input[1]
14:24:17  INFO  manager.WebDriverListener - Element with locator ----> By.xpath: //input[1] is found
14:24:18  INFO  manager.WebDriverListener - Start searching element ----> By.xpath: //input[2]
14:24:18  INFO  manager.WebDriverListener - Element with locator ----> By.xpath: //input[2] is found
14:24:18  INFO  manager.WebDriverListener - Start searching element ----> By.xpath: //button[2]
14:24:18  INFO  manager.WebDriverListener - Element with locator ----> By.xpath: //button[2] is found
14:24:19  INFO  manager.WebDriverListener - Start searching element ----> By.cssSelector: #root > div:nth-child(2) > div
14:24:19  INFO  manager.WebDriverListener - Element with locator ----> By.cssSelector: #root > div:nth-child(2) > div is found
14:24:19  INFO  manager.TestNgListener - Test registrationNegativeWrongEmailDTO successful
14:24:19  INFO  manager.WebDriverListener - Start searching element ----> By.xpath: //*[.='Sign Out']
14:24:24  INFO  manager.WebDriverListener - Something went wrong!
14:24:24  INFO  manager.WebDriverListener - no such element: Unable to locate element: {"method":"xpath","selector":"//*[.='Sign Out']"}
  (Session info: chrome=114.0.5735.199)
For documentation on this error, please visit: https://www.seleniumhq.org/exceptions/no_such_element.html
Build info: version: '3.141.59', revision: 'e82be7d358', time: '2018-11-14T08:17:03'
System info: host: 'ELENA', ip: '192.168.68.108', os.name: 'Windows 11', os.arch: 'amd64', os.version: '10.0', java.version: '18.0.1.1'
Driver info: org.openqa.selenium.chrome.ChromeDriver
Capabilities {acceptInsecureCerts: false, browserName: chrome, browserVersion: 114.0.5735.199, chrome: {chromedriverVersion: 113.0.5672.63 (0e1a4471d5ae..., userDataDir: C:\Users\6145~1\AppData\Loc...}, goog:chromeOptions: {debuggerAddress: localhost:58261}, javascriptEnabled: true, networkConnectionEnabled: false, pageLoadStrategy: normal, platform: WINDOWS, platformName: WINDOWS, proxy: Proxy(), setWindowRect: true, strictFileInteractability: false, timeouts: {implicit: 0, pageLoad: 300000, script: 30000}, unhandledPromptBehavior: dismiss and notify, webauthn:extension:credBlob: true, webauthn:extension:largeBlob: true, webauthn:extension:minPinLength: true, webauthn:extension:prf: true, webauthn:virtualAuthenticators: true}
Session ID: ee1d4b863e184bd70a962a4040edcbfa
*** Element info: {Using=xpath, value=//*[.='Sign Out']}
14:24:24  INFO  manager.WebDriverListener - org.openqa.selenium.NoSuchElementException: no such element: Unable to locate element: {"method":"xpath","selector":"//*[.='Sign Out']"}
  (Session info: chrome=114.0.5735.199)
For documentation on this error, please visit: https://www.seleniumhq.org/exceptions/no_such_element.html
Build info: version: '3.141.59', revision: 'e82be7d358', time: '2018-11-14T08:17:03'
System info: host: 'ELENA', ip: '192.168.68.108', os.name: 'Windows 11', os.arch: 'amd64', os.version: '10.0', java.version: '18.0.1.1'
Driver info: org.openqa.selenium.chrome.ChromeDriver
Capabilities {acceptInsecureCerts: false, browserName: chrome, browserVersion: 114.0.5735.199, chrome: {chromedriverVersion: 113.0.5672.63 (0e1a4471d5ae..., userDataDir: C:\Users\6145~1\AppData\Loc...}, goog:chromeOptions: {debuggerAddress: localhost:58261}, javascriptEnabled: true, networkConnectionEnabled: false, pageLoadStrategy: normal, platform: WINDOWS, platformName: WINDOWS, proxy: Proxy(), setWindowRect: true, strictFileInteractability: false, timeouts: {implicit: 0, pageLoad: 300000, script: 30000}, unhandledPromptBehavior: dismiss and notify, webauthn:extension:credBlob: true, webauthn:extension:largeBlob: true, webauthn:extension:minPinLength: true, webauthn:extension:prf: true, webauthn:virtualAuthenticators: true}
Session ID: ee1d4b863e184bd70a962a4040edcbfa
*** Element info: {Using=xpath, value=//*[.='Sign Out']}
14:24:24  INFO  manager.WebDriverListener - This is a link to screenshot with error ---> src/test/screenshots/screen-1464.png
14:24:24  INFO  tests.TestBase - ==================================
14:24:24  INFO  tests.TestBase - Method registrationNegativeWrongEmailDTO is started
14:24:24  INFO  manager.TestNgListener - Test registrationNegativeWrongEmailDTO invoked
14:24:24  INFO  manager.WebDriverListener - Start searching element ----> By.xpath: //*[.='Sign Out']
14:24:29  INFO  manager.WebDriverListener - Something went wrong!
14:24:29  INFO  manager.WebDriverListener - no such element: Unable to locate element: {"method":"xpath","selector":"//*[.='Sign Out']"}
  (Session info: chrome=114.0.5735.199)
For documentation on this error, please visit: https://www.seleniumhq.org/exceptions/no_such_element.html
Build info: version: '3.141.59', revision: 'e82be7d358', time: '2018-11-14T08:17:03'
System info: host: 'ELENA', ip: '192.168.68.108', os.name: 'Windows 11', os.arch: 'amd64', os.version: '10.0', java.version: '18.0.1.1'
Driver info: org.openqa.selenium.chrome.ChromeDriver
Capabilities {acceptInsecureCerts: false, browserName: chrome, browserVersion: 114.0.5735.199, chrome: {chromedriverVersion: 113.0.5672.63 (0e1a4471d5ae..., userDataDir: C:\Users\6145~1\AppData\Loc...}, goog:chromeOptions: {debuggerAddress: localhost:58261}, javascriptEnabled: true, networkConnectionEnabled: false, pageLoadStrategy: normal, platform: WINDOWS, platformName: WINDOWS, proxy: Proxy(), setWindowRect: true, strictFileInteractability: false, timeouts: {implicit: 0, pageLoad: 300000, script: 30000}, unhandledPromptBehavior: dismiss and notify, webauthn:extension:credBlob: true, webauthn:extension:largeBlob: true, webauthn:extension:minPinLength: true, webauthn:extension:prf: true, webauthn:virtualAuthenticators: true}
Session ID: ee1d4b863e184bd70a962a4040edcbfa
*** Element info: {Using=xpath, value=//*[.='Sign Out']}
14:24:29  INFO  manager.WebDriverListener - org.openqa.selenium.NoSuchElementException: no such element: Unable to locate element: {"method":"xpath","selector":"//*[.='Sign Out']"}
  (Session info: chrome=114.0.5735.199)
For documentation on this error, please visit: https://www.seleniumhq.org/exceptions/no_such_element.html
Build info: version: '3.141.59', revision: 'e82be7d358', time: '2018-11-14T08:17:03'
System info: host: 'ELENA', ip: '192.168.68.108', os.name: 'Windows 11', os.arch: 'amd64', os.version: '10.0', java.version: '18.0.1.1'
Driver info: org.openqa.selenium.chrome.ChromeDriver
Capabilities {acceptInsecureCerts: false, browserName: chrome, browserVersion: 114.0.5735.199, chrome: {chromedriverVersion: 113.0.5672.63 (0e1a4471d5ae..., userDataDir: C:\Users\6145~1\AppData\Loc...}, goog:chromeOptions: {debuggerAddress: localhost:58261}, javascriptEnabled: true, networkConnectionEnabled: false, pageLoadStrategy: normal, platform: WINDOWS, platformName: WINDOWS, proxy: Proxy(), setWindowRect: true, strictFileInteractability: false, timeouts: {implicit: 0, pageLoad: 300000, script: 30000}, unhandledPromptBehavior: dismiss and notify, webauthn:extension:credBlob: true, webauthn:extension:largeBlob: true, webauthn:extension:minPinLength: true, webauthn:extension:prf: true, webauthn:virtualAuthenticators: true}
Session ID: ee1d4b863e184bd70a962a4040edcbfa
*** Element info: {Using=xpath, value=//*[.='Sign Out']}
14:24:29  INFO  manager.WebDriverListener - This is a link to screenshot with error ---> src/test/screenshots/screen-1469.png
14:24:29  INFO  tests.TestBase - ==================================
14:24:29  INFO  tests.TestBase - Method registrationNegativeWrongEmailDTO is started
14:24:29  INFO  manager.TestNgListener - Test registrationNegativeWrongEmailDTO invoked
14:24:29  INFO  manager.WebDriverListener - Start searching element ----> By.xpath: //*[.='Sign Out']
14:24:34  INFO  manager.WebDriverListener - Something went wrong!
14:24:34  INFO  manager.WebDriverListener - no such element: Unable to locate element: {"method":"xpath","selector":"//*[.='Sign Out']"}
  (Session info: chrome=114.0.5735.199)
For documentation on this error, please visit: https://www.seleniumhq.org/exceptions/no_such_element.html
Build info: version: '3.141.59', revision: 'e82be7d358', time: '2018-11-14T08:17:03'
System info: host: 'ELENA', ip: '192.168.68.108', os.name: 'Windows 11', os.arch: 'amd64', os.version: '10.0', java.version: '18.0.1.1'
Driver info: org.openqa.selenium.chrome.ChromeDriver
Capabilities {acceptInsecureCerts: false, browserName: chrome, browserVersion: 114.0.5735.199, chrome: {chromedriverVersion: 113.0.5672.63 (0e1a4471d5ae..., userDataDir: C:\Users\6145~1\AppData\Loc...}, goog:chromeOptions: {debuggerAddress: localhost:58261}, javascriptEnabled: true, networkConnectionEnabled: false, pageLoadStrategy: normal, platform: WINDOWS, platformName: WINDOWS, proxy: Proxy(), setWindowRect: true, strictFileInteractability: false, timeouts: {implicit: 0, pageLoad: 300000, script: 30000}, unhandledPromptBehavior: dismiss and notify, webauthn:extension:credBlob: true, webauthn:extension:largeBlob: true, webauthn:extension:minPinLength: true, webauthn:extension:prf: true, webauthn:virtualAuthenticators: true}
Session ID: ee1d4b863e184bd70a962a4040edcbfa
*** Element info: {Using=xpath, value=//*[.='Sign Out']}
14:24:34  INFO  manager.WebDriverListener - org.openqa.selenium.NoSuchElementException: no such element: Unable to locate element: {"method":"xpath","selector":"//*[.='Sign Out']"}
  (Session info: chrome=114.0.5735.199)
For documentation on this error, please visit: https://www.seleniumhq.org/exceptions/no_such_element.html
Build info: version: '3.141.59', revision: 'e82be7d358', time: '2018-11-14T08:17:03'
System info: host: 'ELENA', ip: '192.168.68.108', os.name: 'Windows 11', os.arch: 'amd64', os.version: '10.0', java.version: '18.0.1.1'
Driver info: org.openqa.selenium.chrome.ChromeDriver
Capabilities {acceptInsecureCerts: false, browserName: chrome, browserVersion: 114.0.5735.199, chrome: {chromedriverVersion: 113.0.5672.63 (0e1a4471d5ae..., userDataDir: C:\Users\6145~1\AppData\Loc...}, goog:chromeOptions: {debuggerAddress: localhost:58261}, javascriptEnabled: true, networkConnectionEnabled: false, pageLoadStrategy: normal, platform: WINDOWS, platformName: WINDOWS, proxy: Proxy(), setWindowRect: true, strictFileInteractability: false, timeouts: {implicit: 0, pageLoad: 300000, script: 30000}, unhandledPromptBehavior: dismiss and notify, webauthn:extension:credBlob: true, webauthn:extension:largeBlob: true, webauthn:extension:minPinLength: true, webauthn:extension:prf: true, webauthn:virtualAuthenticators: true}
Session ID: ee1d4b863e184bd70a962a4040edcbfa
*** Element info: {Using=xpath, value=//*[.='Sign Out']}
14:24:34  INFO  manager.WebDriverListener - This is a link to screenshot with error ---> src/test/screenshots/screen-1474.png
14:24:34  INFO  tests.TestBase - ==================================
